<?xml version="1.0" encoding="UTF-8"?>
<testng-results ignored="0" total="2" passed="2" failed="0" skipped="0">
  <reporter-output>
  </reporter-output>
  <suite started-at="2024-10-25T19:57:31 NPT" name="Suite" finished-at="2024-10-25T19:57:45 NPT" duration-ms="14017">
    <groups>
      <group name="Master">
        <method signature="TC_001AccountRegistrationTest.test()[pri:0, instance:testcase.TC_001AccountRegistrationTest@5a2d131d]" name="test" class="testcase.TC_001AccountRegistrationTest"/>
        <method signature="TC_002LoginTest.verify_login()[pri:0, instance:testcase.TC_002LoginTest@1800a575]" name="verify_login" class="testcase.TC_002LoginTest"/>
      </group> <!-- Master -->
      <group name="Regression">
        <method signature="TC_001AccountRegistrationTest.test()[pri:0, instance:testcase.TC_001AccountRegistrationTest@5a2d131d]" name="test" class="testcase.TC_001AccountRegistrationTest"/>
      </group> <!-- Regression -->
      <group name="sanity">
        <method signature="TC_002LoginTest.verify_login()[pri:0, instance:testcase.TC_002LoginTest@1800a575]" name="verify_login" class="testcase.TC_002LoginTest"/>
      </group> <!-- sanity -->
    </groups>
    <test started-at="2024-10-25T19:57:31 NPT" name="Test" finished-at="2024-10-25T19:57:45 NPT" duration-ms="14017">
      <class name="testcase.TC_002LoginTest">
        <test-method is-config="true" signature="setup(java.lang.String,java.lang.String)[pri:0, instance:testcase.TC_002LoginTest@1800a575]" started-at="2024-10-25T19:57:40 NPT" name="setup" finished-at="2024-10-25T19:57:43 NPT" duration-ms="3665" status="PASS">
          <params>
            <param index="0">
              <value>
                <![CDATA[windows]]>
              </value>
            </param>
            <param index="1">
              <value>
                <![CDATA[chrome]]>
              </value>
            </param>
          </params>
          <reporter-output>
          </reporter-output>
        </test-method> <!-- setup -->
        <test-method signature="verify_login()[pri:0, instance:testcase.TC_002LoginTest@1800a575]" started-at="2024-10-25T19:57:43 NPT" name="verify_login" finished-at="2024-10-25T19:57:45 NPT" duration-ms="1813" status="PASS">
          <reporter-output>
          </reporter-output>
        </test-method> <!-- verify_login -->
        <test-method is-config="true" signature="teardown()[pri:0, instance:testcase.TC_002LoginTest@1800a575]" started-at="2024-10-25T19:57:45 NPT" name="teardown" finished-at="2024-10-25T19:57:45 NPT" duration-ms="359" status="PASS">
          <reporter-output>
          </reporter-output>
        </test-method> <!-- teardown -->
      </class> <!-- testcase.TC_002LoginTest -->
      <class name="testcase.TC_001AccountRegistrationTest">
        <test-method is-config="true" signature="setup(java.lang.String,java.lang.String)[pri:0, instance:testcase.TC_001AccountRegistrationTest@5a2d131d]" started-at="2024-10-25T19:57:32 NPT" name="setup" finished-at="2024-10-25T19:57:37 NPT" duration-ms="5112" status="PASS">
          <params>
            <param index="0">
              <value>
                <![CDATA[windows]]>
              </value>
            </param>
            <param index="1">
              <value>
                <![CDATA[chrome]]>
              </value>
            </param>
          </params>
          <reporter-output>
          </reporter-output>
        </test-method> <!-- setup -->
        <test-method signature="test()[pri:0, instance:testcase.TC_001AccountRegistrationTest@5a2d131d]" started-at="2024-10-25T19:57:37 NPT" name="test" finished-at="2024-10-25T19:57:39 NPT" duration-ms="2616" status="PASS">
          <reporter-output>
          </reporter-output>
        </test-method> <!-- test -->
        <test-method is-config="true" signature="teardown()[pri:0, instance:testcase.TC_001AccountRegistrationTest@5a2d131d]" started-at="2024-10-25T19:57:39 NPT" name="teardown" finished-at="2024-10-25T19:57:40 NPT" duration-ms="215" status="PASS">
          <reporter-output>
          </reporter-output>
        </test-method> <!-- teardown -->
      </class> <!-- testcase.TC_001AccountRegistrationTest -->
    </test> <!-- Test -->
  </suite> <!-- Suite -->
</testng-results>
