<?xml version="1.0" encoding="UTF-8"?>
<testng-results ignored="0" total="2" passed="2" failed="0" skipped="0">
  <reporter-output>
  </reporter-output>
  <suite started-at="2024-10-23T19:35:57 NPT" name="Suite" finished-at="2024-10-23T19:36:12 NPT" duration-ms="14157">
    <groups>
      <group name="Master">
        <method signature="TC_001AccountRegistrationTest.test()[pri:0, instance:testcase.TC_001AccountRegistrationTest@5a2d131d]" name="test" class="testcase.TC_001AccountRegistrationTest"/>
        <method signature="TC_002LoginTest.verify_login()[pri:0, instance:testcase.TC_002LoginTest@1800a575]" name="verify_login" class="testcase.TC_002LoginTest"/>
      </group> <!-- Master -->
      <group name="Regression">
        <method signature="TC_001AccountRegistrationTest.test()[pri:0, instance:testcase.TC_001AccountRegistrationTest@5a2d131d]" name="test" class="testcase.TC_001AccountRegistrationTest"/>
      </group> <!-- Regression -->
      <group name="sanity">
        <method signature="TC_002LoginTest.verify_login()[pri:0, instance:testcase.TC_002LoginTest@1800a575]" name="verify_login" class="testcase.TC_002LoginTest"/>
      </group> <!-- sanity -->
    </groups>
    <test started-at="2024-10-23T19:35:57 NPT" name="Test" finished-at="2024-10-23T19:36:12 NPT" duration-ms="14157">
      <class name="testcase.TC_002LoginTest">
        <test-method is-config="true" signature="setup(java.lang.String,java.lang.String)[pri:0, instance:testcase.TC_002LoginTest@1800a575]" started-at="2024-10-23T19:36:06 NPT" name="setup" finished-at="2024-10-23T19:36:10 NPT" duration-ms="3444" status="PASS">
          <params>
            <param index="0">
              <value>
                <![CDATA[windows]]>
              </value>
            </param>
            <param index="1">
              <value>
                <![CDATA[chrome]]>
              </value>
            </param>
          </params>
          <reporter-output>
          </reporter-output>
        </test-method> <!-- setup -->
        <test-method signature="verify_login()[pri:0, instance:testcase.TC_002LoginTest@1800a575]" started-at="2024-10-23T19:36:10 NPT" name="verify_login" finished-at="2024-10-23T19:36:11 NPT" duration-ms="1672" status="PASS">
          <reporter-output>
          </reporter-output>
        </test-method> <!-- verify_login -->
        <test-method is-config="true" signature="teardown()[pri:0, instance:testcase.TC_002LoginTest@1800a575]" started-at="2024-10-23T19:36:11 NPT" name="teardown" finished-at="2024-10-23T19:36:12 NPT" duration-ms="256" status="PASS">
          <reporter-output>
          </reporter-output>
        </test-method> <!-- teardown -->
      </class> <!-- testcase.TC_002LoginTest -->
      <class name="testcase.TC_001AccountRegistrationTest">
        <test-method is-config="true" signature="setup(java.lang.String,java.lang.String)[pri:0, instance:testcase.TC_001AccountRegistrationTest@5a2d131d]" started-at="2024-10-23T19:35:58 NPT" name="setup" finished-at="2024-10-23T19:36:04 NPT" duration-ms="6150" status="PASS">
          <params>
            <param index="0">
              <value>
                <![CDATA[windows]]>
              </value>
            </param>
            <param index="1">
              <value>
                <![CDATA[chrome]]>
              </value>
            </param>
          </params>
          <reporter-output>
          </reporter-output>
        </test-method> <!-- setup -->
        <test-method signature="test()[pri:0, instance:testcase.TC_001AccountRegistrationTest@5a2d131d]" started-at="2024-10-23T19:36:04 NPT" name="test" finished-at="2024-10-23T19:36:06 NPT" duration-ms="2174" status="PASS">
          <reporter-output>
          </reporter-output>
        </test-method> <!-- test -->
        <test-method is-config="true" signature="teardown()[pri:0, instance:testcase.TC_001AccountRegistrationTest@5a2d131d]" started-at="2024-10-23T19:36:06 NPT" name="teardown" finished-at="2024-10-23T19:36:06 NPT" duration-ms="205" status="PASS">
          <reporter-output>
          </reporter-output>
        </test-method> <!-- teardown -->
      </class> <!-- testcase.TC_001AccountRegistrationTest -->
    </test> <!-- Test -->
  </suite> <!-- Suite -->
</testng-results>
