<?xml version="1.0" encoding="UTF-8"?>
<testng-results ignored="0" total="1" passed="1" failed="0" skipped="0">
  <reporter-output>
  </reporter-output>
  <suite started-at="2024-10-30T23:05:33 NPT" name="Suite" finished-at="2024-10-30T23:05:39 NPT" duration-ms="5393">
    <groups>
      <group name="Master">
        <method signature="Tc_004_Search.verify_pruductSearch()[pri:0, instance:testcase.Tc_004_Search@531f4093]" name="verify_pruductSearch" class="testcase.Tc_004_Search"/>
      </group> <!-- Master -->
    </groups>
    <test started-at="2024-10-30T23:05:33 NPT" name="Test" finished-at="2024-10-30T23:05:39 NPT" duration-ms="5393">
      <class name="testcase.Tc_004_Search">
        <test-method is-config="true" signature="setup(java.lang.String,java.lang.String)[pri:0, instance:testcase.Tc_004_Search@531f4093]" started-at="2024-10-30T23:05:34 NPT" name="setup" finished-at="2024-10-30T23:05:38 NPT" duration-ms="4238" status="PASS">
          <params>
            <param index="0">
              <value>
                <![CDATA[windows]]>
              </value>
            </param>
            <param index="1">
              <value>
                <![CDATA[chrome]]>
              </value>
            </param>
          </params>
          <reporter-output>
          </reporter-output>
        </test-method> <!-- setup -->
        <test-method signature="verify_pruductSearch()[pri:0, instance:testcase.Tc_004_Search@531f4093]" started-at="2024-10-30T23:05:38 NPT" name="verify_pruductSearch" finished-at="2024-10-30T23:05:39 NPT" duration-ms="618" status="PASS">
          <reporter-output>
          </reporter-output>
        </test-method> <!-- verify_pruductSearch -->
        <test-method is-config="true" signature="teardown()[pri:0, instance:testcase.Tc_004_Search@531f4093]" started-at="2024-10-30T23:05:39 NPT" name="teardown" finished-at="2024-10-30T23:05:39 NPT" duration-ms="219" status="PASS">
          <reporter-output>
          </reporter-output>
        </test-method> <!-- teardown -->
      </class> <!-- testcase.Tc_004_Search -->
    </test> <!-- Test -->
  </suite> <!-- Suite -->
</testng-results>
