<?xml version="1.0" encoding="UTF-8"?>
<testng-results ignored="0" total="4" passed="4" failed="0" skipped="0">
  <reporter-output>
  </reporter-output>
  <suite started-at="2024-10-23T08:49:07 NPT" name="Suite" finished-at="2024-10-23T08:49:31 NPT" duration-ms="23705">
    <groups>
      <group name="Master">
        <method signature="TC_001AccountRegistrationTest.test()[pri:0, instance:testcase.TC_001AccountRegistrationTest@25aca718]" name="test" class="testcase.TC_001AccountRegistrationTest"/>
        <method signature="TC_002LoginTest.verify_login()[pri:0, instance:testcase.TC_002LoginTest@dbd8e44]" name="verify_login" class="testcase.TC_002LoginTest"/>
        <method signature="TC_001AccountRegistrationTest.test()[pri:0, instance:testcase.TC_001AccountRegistrationTest@5dcd8c7a]" name="test" class="testcase.TC_001AccountRegistrationTest"/>
        <method signature="TC_002LoginTest.verify_login()[pri:0, instance:testcase.TC_002LoginTest@2250b9f2]" name="verify_login" class="testcase.TC_002LoginTest"/>
      </group> <!-- Master -->
      <group name="Regression">
        <method signature="TC_001AccountRegistrationTest.test()[pri:0, instance:testcase.TC_001AccountRegistrationTest@25aca718]" name="test" class="testcase.TC_001AccountRegistrationTest"/>
        <method signature="TC_001AccountRegistrationTest.test()[pri:0, instance:testcase.TC_001AccountRegistrationTest@5dcd8c7a]" name="test" class="testcase.TC_001AccountRegistrationTest"/>
      </group> <!-- Regression -->
      <group name="sanity">
        <method signature="TC_002LoginTest.verify_login()[pri:0, instance:testcase.TC_002LoginTest@dbd8e44]" name="verify_login" class="testcase.TC_002LoginTest"/>
        <method signature="TC_002LoginTest.verify_login()[pri:0, instance:testcase.TC_002LoginTest@2250b9f2]" name="verify_login" class="testcase.TC_002LoginTest"/>
      </group> <!-- sanity -->
    </groups>
    <test started-at="2024-10-23T08:49:07 NPT" name="Linux-chrome Test" finished-at="2024-10-23T08:49:17 NPT" duration-ms="9385">
      <class name="testcase.TC_002LoginTest">
        <test-method is-config="true" signature="setup(java.lang.String,java.lang.String)[pri:0, instance:testcase.TC_002LoginTest@dbd8e44]" started-at="2024-10-23T08:49:13 NPT" name="setup" finished-at="2024-10-23T08:49:16 NPT" duration-ms="2776" status="PASS">
          <params>
            <param index="0">
              <value>
                <![CDATA[Linux]]>
              </value>
            </param>
            <param index="1">
              <value>
                <![CDATA[chrome]]>
              </value>
            </param>
          </params>
          <reporter-output>
          </reporter-output>
        </test-method> <!-- setup -->
        <test-method signature="verify_login()[pri:0, instance:testcase.TC_002LoginTest@dbd8e44]" started-at="2024-10-23T08:49:16 NPT" name="verify_login" finished-at="2024-10-23T08:49:17 NPT" duration-ms="1145" status="PASS">
          <reporter-output>
          </reporter-output>
        </test-method> <!-- verify_login -->
        <test-method is-config="true" signature="teardown()[pri:0, instance:testcase.TC_002LoginTest@dbd8e44]" started-at="2024-10-23T08:49:17 NPT" name="teardown" finished-at="2024-10-23T08:49:17 NPT" duration-ms="121" status="PASS">
          <reporter-output>
          </reporter-output>
        </test-method> <!-- teardown -->
      </class> <!-- testcase.TC_002LoginTest -->
      <class name="testcase.TC_001AccountRegistrationTest">
        <test-method is-config="true" signature="setup(java.lang.String,java.lang.String)[pri:0, instance:testcase.TC_001AccountRegistrationTest@25aca718]" started-at="2024-10-23T08:49:08 NPT" name="setup" finished-at="2024-10-23T08:49:11 NPT" duration-ms="3357" status="PASS">
          <params>
            <param index="0">
              <value>
                <![CDATA[Linux]]>
              </value>
            </param>
            <param index="1">
              <value>
                <![CDATA[chrome]]>
              </value>
            </param>
          </params>
          <reporter-output>
          </reporter-output>
        </test-method> <!-- setup -->
        <test-method signature="test()[pri:0, instance:testcase.TC_001AccountRegistrationTest@25aca718]" started-at="2024-10-23T08:49:11 NPT" name="test" finished-at="2024-10-23T08:49:13 NPT" duration-ms="1651" status="PASS">
          <reporter-output>
          </reporter-output>
        </test-method> <!-- test -->
        <test-method is-config="true" signature="teardown()[pri:0, instance:testcase.TC_001AccountRegistrationTest@25aca718]" started-at="2024-10-23T08:49:13 NPT" name="teardown" finished-at="2024-10-23T08:49:13 NPT" duration-ms="150" status="PASS">
          <reporter-output>
          </reporter-output>
        </test-method> <!-- teardown -->
      </class> <!-- testcase.TC_001AccountRegistrationTest -->
    </test> <!-- Linux-chrome Test -->
    <test started-at="2024-10-23T08:49:18 NPT" name="Linux-edge Test" finished-at="2024-10-23T08:49:31 NPT" duration-ms="13531">
      <class name="testcase.TC_002LoginTest">
        <test-method is-config="true" signature="setup(java.lang.String,java.lang.String)[pri:0, instance:testcase.TC_002LoginTest@2250b9f2]" started-at="2024-10-23T08:49:25 NPT" name="setup" finished-at="2024-10-23T08:49:30 NPT" duration-ms="4525" status="PASS">
          <params>
            <param index="0">
              <value>
                <![CDATA[Linux]]>
              </value>
            </param>
            <param index="1">
              <value>
                <![CDATA[Edge]]>
              </value>
            </param>
          </params>
          <reporter-output>
          </reporter-output>
        </test-method> <!-- setup -->
        <test-method signature="verify_login()[pri:0, instance:testcase.TC_002LoginTest@2250b9f2]" started-at="2024-10-23T08:49:30 NPT" name="verify_login" finished-at="2024-10-23T08:49:31 NPT" duration-ms="1089" status="PASS">
          <reporter-output>
          </reporter-output>
        </test-method> <!-- verify_login -->
        <test-method is-config="true" signature="teardown()[pri:0, instance:testcase.TC_002LoginTest@2250b9f2]" started-at="2024-10-23T08:49:31 NPT" name="teardown" finished-at="2024-10-23T08:49:31 NPT" duration-ms="150" status="PASS">
          <reporter-output>
          </reporter-output>
        </test-method> <!-- teardown -->
      </class> <!-- testcase.TC_002LoginTest -->
      <class name="testcase.TC_001AccountRegistrationTest">
        <test-method is-config="true" signature="setup(java.lang.String,java.lang.String)[pri:0, instance:testcase.TC_001AccountRegistrationTest@5dcd8c7a]" started-at="2024-10-23T08:49:18 NPT" name="setup" finished-at="2024-10-23T08:49:23 NPT" duration-ms="5619" status="PASS">
          <params>
            <param index="0">
              <value>
                <![CDATA[Linux]]>
              </value>
            </param>
            <param index="1">
              <value>
                <![CDATA[Edge]]>
              </value>
            </param>
          </params>
          <reporter-output>
          </reporter-output>
        </test-method> <!-- setup -->
        <test-method signature="test()[pri:0, instance:testcase.TC_001AccountRegistrationTest@5dcd8c7a]" started-at="2024-10-23T08:49:23 NPT" name="test" finished-at="2024-10-23T08:49:25 NPT" duration-ms="1980" status="PASS">
          <reporter-output>
          </reporter-output>
        </test-method> <!-- test -->
        <test-method is-config="true" signature="teardown()[pri:0, instance:testcase.TC_001AccountRegistrationTest@5dcd8c7a]" started-at="2024-10-23T08:49:25 NPT" name="teardown" finished-at="2024-10-23T08:49:25 NPT" duration-ms="158" status="PASS">
          <reporter-output>
          </reporter-output>
        </test-method> <!-- teardown -->
      </class> <!-- testcase.TC_001AccountRegistrationTest -->
    </test> <!-- Linux-edge Test -->
  </suite> <!-- Suite -->
</testng-results>
